2025-10-22 22:00:44,361 [Worker-8: Loading available Gradle versions] INFO  o.e.b.c.i.u.g.PublishedGradleVersions - Gradle version information cache is not available. Remote download required.
2025-10-22 22:14:29,817 [Worker-12: Importing Maven projects] INFO  o.e.m.c.i.l.LifecycleMappingFactory - Using org.eclipse.m2e.jdt.JarLifecycleMapping lifecycle mapping for MavenProject: com.knowledgebase:backend:0.0.1-SNAPSHOT @ /Users/tamilmughilane/College/Projects/Knowledge Base/backend/pom.xml.
2025-10-22 22:14:30,157 [Worker-12: Importing Maven projects] INFO  o.e.m.j.i.AbstractJavaProjectConfigurator - Adding source folder /backend/src/main/java
2025-10-22 22:14:30,158 [Worker-12: Importing Maven projects] INFO  o.e.m.j.i.AbstractJavaProjectConfigurator - Adding resource folder /backend/src/main/resources
2025-10-22 22:14:30,158 [Worker-12: Importing Maven projects] INFO  o.e.m.j.i.AbstractJavaProjectConfigurator - Adding resource folder /backend/src/main/resources
2025-10-22 22:14:30,158 [Worker-12: Importing Maven projects] INFO  o.e.m.j.i.AbstractJavaProjectConfigurator - Adding source folder /backend/src/test/java
2025-10-22 22:14:30,158 [Worker-12: Importing Maven projects] INFO  o.e.m.j.i.AbstractJavaProjectConfigurator - Adding resource folder /backend/src/test/resources
2025-10-22 22:14:30,214 [Worker-12: Importing Maven projects] INFO  o.e.m.c.i.p.ProjectConfigurationManager - Imported and configured 1 project(s) in 0 sec
2025-10-22 22:14:30,656 [Worker-17: Building] INFO  o.a.m.s.f.DefaultMavenResourcesFiltering - Copying 1 resource from src/main/resources to target/classes
2025-10-22 22:14:30,664 [Worker-17: Building] INFO  o.a.m.s.f.DefaultMavenResourcesFiltering - Copying 0 resource from src/main/resources to target/classes
2025-10-22 22:14:30,666 [Worker-17: Building] INFO  o.a.m.s.f.DefaultMavenResourcesFiltering - skip non existing resourceDirectory /Users/tamilmughilane/College/Projects/Knowledge Base/backend/src/test/resources
2025-10-22 22:15:21,257 [Worker-7: Loading available Gradle versions] INFO  o.e.b.c.i.u.g.PublishedGradleVersions - Gradle version information cache is up-to-date. Trying to read.
2025-10-22 22:18:02,182 [Worker-29: Building] INFO  o.a.m.s.f.DefaultMavenResourcesFiltering - Copying 1 resource from src/main/resources to target/classes
2025-10-22 22:18:02,187 [Worker-29: Building] INFO  o.a.m.s.f.DefaultMavenResourcesFiltering - Copying 0 resource from src/main/resources to target/classes
2025-10-22 22:18:02,189 [Worker-29: Building] INFO  o.a.m.s.f.DefaultMavenResourcesFiltering - skip non existing resourceDirectory /Users/tamilmughilane/College/Projects/Knowledge Base/backend/src/test/resources
2025-10-22 22:20:51,612 [Worker-21: Launching Executing install in _Users_tamilmughilane_College_Projects_Knowledge Base_backend] INFO  o.eclipse.m2e.core.internal.Bundles - getClasspathEntries(Bundle=org.eclipse.m2e.maven.runtime_3.9.900.20250220-2013 [638])
2025-10-22 22:20:51,612 [Worker-21: Launching Executing install in _Users_tamilmughilane_College_Projects_Knowledge Base_backend] INFO  o.eclipse.m2e.core.internal.Bundles - 	Entry: /Applications/Eclipse.app/Contents/Eclipse/plugins/org.eclipse.m2e.maven.runtime_3.9.900.20250220-2013
2025-10-22 22:20:51,612 [Worker-21: Launching Executing install in _Users_tamilmughilane_College_Projects_Knowledge Base_backend] INFO  o.eclipse.m2e.core.internal.Bundles - 	Entry: /Applications/Eclipse.app/Contents/Eclipse/plugins/org.eclipse.m2e.maven.runtime_3.9.900.20250220-2013/jars/aopalliance-1.0.jar
2025-10-22 22:20:51,612 [Worker-21: Launching Executing install in _Users_tamilmughilane_College_Projects_Knowledge Base_backend] INFO  o.eclipse.m2e.core.internal.Bundles - 	Entry: /Applications/Eclipse.app/Contents/Eclipse/plugins/org.eclipse.m2e.maven.runtime_3.9.900.20250220-2013/jars/guice-5.1.0.jar
2025-10-22 22:20:51,612 [Worker-21: Launching Executing install in _Users_tamilmughilane_College_Projects_Knowledge Base_backend] INFO  o.eclipse.m2e.core.internal.Bundles - 	Entry: /Applications/Eclipse.app/Contents/Eclipse/plugins/org.eclipse.m2e.maven.runtime_3.9.900.20250220-2013/jars/httpclient-4.5.14.jar
2025-10-22 22:20:51,612 [Worker-21: Launching Executing install in _Users_tamilmughilane_College_Projects_Knowledge Base_backend] INFO  o.eclipse.m2e.core.internal.Bundles - 	Entry: /Applications/Eclipse.app/Contents/Eclipse/plugins/org.eclipse.m2e.maven.runtime_3.9.900.20250220-2013/jars/httpcore-4.4.16.jar
2025-10-22 22:20:51,612 [Worker-21: Launching Executing install in _Users_tamilmughilane_College_Projects_Knowledge Base_backend] INFO  o.eclipse.m2e.core.internal.Bundles - 	Entry: /Applications/Eclipse.app/Contents/Eclipse/plugins/org.eclipse.m2e.maven.runtime_3.9.900.20250220-2013/jars/jansi-2.4.1.jar
2025-10-22 22:20:51,612 [Worker-21: Launching Executing install in _Users_tamilmughilane_College_Projects_Knowledge Base_backend] INFO  o.eclipse.m2e.core.internal.Bundles - 	Entry: /Applications/Eclipse.app/Contents/Eclipse/plugins/org.eclipse.m2e.maven.runtime_3.9.900.20250220-2013/jars/jcl-over-slf4j-1.7.36.jar
2025-10-22 22:20:51,612 [Worker-21: Launching Executing install in _Users_tamilmughilane_College_Projects_Knowledge Base_backend] INFO  o.eclipse.m2e.core.internal.Bundles - 	Entry: /Applications/Eclipse.app/Contents/Eclipse/plugins/org.eclipse.m2e.maven.runtime_3.9.900.20250220-2013/jars/maven-artifact-3.9.9.jar
2025-10-22 22:20:51,612 [Worker-21: Launching Executing install in _Users_tamilmughilane_College_Projects_Knowledge Base_backend] INFO  o.eclipse.m2e.core.internal.Bundles - 	Entry: /Applications/Eclipse.app/Contents/Eclipse/plugins/org.eclipse.m2e.maven.runtime_3.9.900.20250220-2013/jars/maven-builder-support-3.9.9.jar
2025-10-22 22:20:51,612 [Worker-21: Launching Executing install in _Users_tamilmughilane_College_Projects_Knowledge Base_backend] INFO  o.eclipse.m2e.core.internal.Bundles - 	Entry: /Applications/Eclipse.app/Contents/Eclipse/plugins/org.eclipse.m2e.maven.runtime_3.9.900.20250220-2013/jars/maven-compat-3.9.9.jar
2025-10-22 22:20:51,612 [Worker-21: Launching Executing install in _Users_tamilmughilane_College_Projects_Knowledge Base_backend] INFO  o.eclipse.m2e.core.internal.Bundles - 	Entry: /Applications/Eclipse.app/Contents/Eclipse/plugins/org.eclipse.m2e.maven.runtime_3.9.900.20250220-2013/jars/maven-core-3.9.9.jar
2025-10-22 22:20:51,612 [Worker-21: Launching Executing install in _Users_tamilmughilane_College_Projects_Knowledge Base_backend] INFO  o.eclipse.m2e.core.internal.Bundles - 	Entry: /Applications/Eclipse.app/Contents/Eclipse/plugins/org.eclipse.m2e.maven.runtime_3.9.900.20250220-2013/jars/maven-embedder-3.9.9.jar
2025-10-22 22:20:51,612 [Worker-21: Launching Executing install in _Users_tamilmughilane_College_Projects_Knowledge Base_backend] INFO  o.eclipse.m2e.core.internal.Bundles - 	Entry: /Applications/Eclipse.app/Contents/Eclipse/plugins/org.eclipse.m2e.maven.runtime_3.9.900.20250220-2013/jars/maven-model-3.9.9.jar
2025-10-22 22:20:51,612 [Worker-21: Launching Executing install in _Users_tamilmughilane_College_Projects_Knowledge Base_backend] INFO  o.eclipse.m2e.core.internal.Bundles - 	Entry: /Applications/Eclipse.app/Contents/Eclipse/plugins/org.eclipse.m2e.maven.runtime_3.9.900.20250220-2013/jars/maven-model-builder-3.9.9.jar
2025-10-22 22:20:51,612 [Worker-21: Launching Executing install in _Users_tamilmughilane_College_Projects_Knowledge Base_backend] INFO  o.eclipse.m2e.core.internal.Bundles - 	Entry: /Applications/Eclipse.app/Contents/Eclipse/plugins/org.eclipse.m2e.maven.runtime_3.9.900.20250220-2013/jars/maven-plugin-api-3.9.9.jar
2025-10-22 22:20:51,612 [Worker-21: Launching Executing install in _Users_tamilmughilane_College_Projects_Knowledge Base_backend] INFO  o.eclipse.m2e.core.internal.Bundles - 	Entry: /Applications/Eclipse.app/Contents/Eclipse/plugins/org.eclipse.m2e.maven.runtime_3.9.900.20250220-2013/jars/maven-repository-metadata-3.9.9.jar
2025-10-22 22:20:51,612 [Worker-21: Launching Executing install in _Users_tamilmughilane_College_Projects_Knowledge Base_backend] INFO  o.eclipse.m2e.core.internal.Bundles - 	Entry: /Applications/Eclipse.app/Contents/Eclipse/plugins/org.eclipse.m2e.maven.runtime_3.9.900.20250220-2013/jars/maven-resolver-api-1.9.22.jar
2025-10-22 22:20:51,612 [Worker-21: Launching Executing install in _Users_tamilmughilane_College_Projects_Knowledge Base_backend] INFO  o.eclipse.m2e.core.internal.Bundles - 	Entry: /Applications/Eclipse.app/Contents/Eclipse/plugins/org.eclipse.m2e.maven.runtime_3.9.900.20250220-2013/jars/maven-resolver-connector-basic-1.9.22.jar
2025-10-22 22:20:51,613 [Worker-21: Launching Executing install in _Users_tamilmughilane_College_Projects_Knowledge Base_backend] INFO  o.eclipse.m2e.core.internal.Bundles - 	Entry: /Applications/Eclipse.app/Contents/Eclipse/plugins/org.eclipse.m2e.maven.runtime_3.9.900.20250220-2013/jars/maven-resolver-impl-1.9.22.jar
2025-10-22 22:20:51,613 [Worker-21: Launching Executing install in _Users_tamilmughilane_College_Projects_Knowledge Base_backend] INFO  o.eclipse.m2e.core.internal.Bundles - 	Entry: /Applications/Eclipse.app/Contents/Eclipse/plugins/org.eclipse.m2e.maven.runtime_3.9.900.20250220-2013/jars/maven-resolver-named-locks-1.9.22.jar
2025-10-22 22:20:51,613 [Worker-21: Launching Executing install in _Users_tamilmughilane_College_Projects_Knowledge Base_backend] INFO  o.eclipse.m2e.core.internal.Bundles - 	Entry: /Applications/Eclipse.app/Contents/Eclipse/plugins/org.eclipse.m2e.maven.runtime_3.9.900.20250220-2013/jars/maven-resolver-provider-3.9.9.jar
2025-10-22 22:20:51,613 [Worker-21: Launching Executing install in _Users_tamilmughilane_College_Projects_Knowledge Base_backend] INFO  o.eclipse.m2e.core.internal.Bundles - 	Entry: /Applications/Eclipse.app/Contents/Eclipse/plugins/org.eclipse.m2e.maven.runtime_3.9.900.20250220-2013/jars/maven-resolver-spi-1.9.22.jar
2025-10-22 22:20:51,613 [Worker-21: Launching Executing install in _Users_tamilmughilane_College_Projects_Knowledge Base_backend] INFO  o.eclipse.m2e.core.internal.Bundles - 	Entry: /Applications/Eclipse.app/Contents/Eclipse/plugins/org.eclipse.m2e.maven.runtime_3.9.900.20250220-2013/jars/maven-resolver-transport-file-1.9.22.jar
2025-10-22 22:20:51,613 [Worker-21: Launching Executing install in _Users_tamilmughilane_College_Projects_Knowledge Base_backend] INFO  o.eclipse.m2e.core.internal.Bundles - 	Entry: /Applications/Eclipse.app/Contents/Eclipse/plugins/org.eclipse.m2e.maven.runtime_3.9.900.20250220-2013/jars/maven-resolver-transport-http-1.9.22.jar
2025-10-22 22:20:51,613 [Worker-21: Launching Executing install in _Users_tamilmughilane_College_Projects_Knowledge Base_backend] INFO  o.eclipse.m2e.core.internal.Bundles - 	Entry: /Applications/Eclipse.app/Contents/Eclipse/plugins/org.eclipse.m2e.maven.runtime_3.9.900.20250220-2013/jars/maven-resolver-transport-wagon-1.9.22.jar
2025-10-22 22:20:51,613 [Worker-21: Launching Executing install in _Users_tamilmughilane_College_Projects_Knowledge Base_backend] INFO  o.eclipse.m2e.core.internal.Bundles - 	Entry: /Applications/Eclipse.app/Contents/Eclipse/plugins/org.eclipse.m2e.maven.runtime_3.9.900.20250220-2013/jars/maven-resolver-util-1.9.22.jar
2025-10-22 22:20:51,613 [Worker-21: Launching Executing install in _Users_tamilmughilane_College_Projects_Knowledge Base_backend] INFO  o.eclipse.m2e.core.internal.Bundles - 	Entry: /Applications/Eclipse.app/Contents/Eclipse/plugins/org.eclipse.m2e.maven.runtime_3.9.900.20250220-2013/jars/maven-settings-3.9.9.jar
2025-10-22 22:20:51,613 [Worker-21: Launching Executing install in _Users_tamilmughilane_College_Projects_Knowledge Base_backend] INFO  o.eclipse.m2e.core.internal.Bundles - 	Entry: /Applications/Eclipse.app/Contents/Eclipse/plugins/org.eclipse.m2e.maven.runtime_3.9.900.20250220-2013/jars/maven-settings-builder-3.9.9.jar
2025-10-22 22:20:51,613 [Worker-21: Launching Executing install in _Users_tamilmughilane_College_Projects_Knowledge Base_backend] INFO  o.eclipse.m2e.core.internal.Bundles - 	Entry: /Applications/Eclipse.app/Contents/Eclipse/plugins/org.eclipse.m2e.maven.runtime_3.9.900.20250220-2013/jars/maven-shared-utils-3.4.2.jar
2025-10-22 22:20:51,613 [Worker-21: Launching Executing install in _Users_tamilmughilane_College_Projects_Knowledge Base_backend] INFO  o.eclipse.m2e.core.internal.Bundles - 	Entry: /Applications/Eclipse.app/Contents/Eclipse/plugins/org.eclipse.m2e.maven.runtime_3.9.900.20250220-2013/jars/org.eclipse.sisu.inject-0.9.0.M3.jar
2025-10-22 22:20:51,613 [Worker-21: Launching Executing install in _Users_tamilmughilane_College_Projects_Knowledge Base_backend] INFO  o.eclipse.m2e.core.internal.Bundles - 	Entry: /Applications/Eclipse.app/Contents/Eclipse/plugins/org.eclipse.m2e.maven.runtime_3.9.900.20250220-2013/jars/org.eclipse.sisu.plexus-0.9.0.M3.jar
2025-10-22 22:20:51,613 [Worker-21: Launching Executing install in _Users_tamilmughilane_College_Projects_Knowledge Base_backend] INFO  o.eclipse.m2e.core.internal.Bundles - 	Entry: /Applications/Eclipse.app/Contents/Eclipse/plugins/org.eclipse.m2e.maven.runtime_3.9.900.20250220-2013/jars/plexus-build-api-0.0.7.jar
2025-10-22 22:20:51,613 [Worker-21: Launching Executing install in _Users_tamilmughilane_College_Projects_Knowledge Base_backend] INFO  o.eclipse.m2e.core.internal.Bundles - 	Entry: /Applications/Eclipse.app/Contents/Eclipse/plugins/org.eclipse.m2e.maven.runtime_3.9.900.20250220-2013/jars/plexus-build-api-1.2.0.jar
2025-10-22 22:20:51,613 [Worker-21: Launching Executing install in _Users_tamilmughilane_College_Projects_Knowledge Base_backend] INFO  o.eclipse.m2e.core.internal.Bundles - 	Entry: /Applications/Eclipse.app/Contents/Eclipse/plugins/org.eclipse.m2e.maven.runtime_3.9.900.20250220-2013/jars/plexus-cipher-2.0.jar
2025-10-22 22:20:51,613 [Worker-21: Launching Executing install in _Users_tamilmughilane_College_Projects_Knowledge Base_backend] INFO  o.eclipse.m2e.core.internal.Bundles - 	Entry: /Applications/Eclipse.app/Contents/Eclipse/plugins/org.eclipse.m2e.maven.runtime_3.9.900.20250220-2013/jars/plexus-classworlds-2.8.0.jar
2025-10-22 22:20:51,613 [Worker-21: Launching Executing install in _Users_tamilmughilane_College_Projects_Knowledge Base_backend] INFO  o.eclipse.m2e.core.internal.Bundles - 	Entry: /Applications/Eclipse.app/Contents/Eclipse/plugins/org.eclipse.m2e.maven.runtime_3.9.900.20250220-2013/jars/plexus-component-annotations-2.1.0.jar
2025-10-22 22:20:51,613 [Worker-21: Launching Executing install in _Users_tamilmughilane_College_Projects_Knowledge Base_backend] INFO  o.eclipse.m2e.core.internal.Bundles - 	Entry: /Applications/Eclipse.app/Contents/Eclipse/plugins/org.eclipse.m2e.maven.runtime_3.9.900.20250220-2013/jars/plexus-interpolation-1.27.jar
2025-10-22 22:20:51,613 [Worker-21: Launching Executing install in _Users_tamilmughilane_College_Projects_Knowledge Base_backend] INFO  o.eclipse.m2e.core.internal.Bundles - 	Entry: /Applications/Eclipse.app/Contents/Eclipse/plugins/org.eclipse.m2e.maven.runtime_3.9.900.20250220-2013/jars/plexus-sec-dispatcher-2.0.jar
2025-10-22 22:20:51,613 [Worker-21: Launching Executing install in _Users_tamilmughilane_College_Projects_Knowledge Base_backend] INFO  o.eclipse.m2e.core.internal.Bundles - 	Entry: /Applications/Eclipse.app/Contents/Eclipse/plugins/org.eclipse.m2e.maven.runtime_3.9.900.20250220-2013/jars/plexus-utils-3.5.1.jar
2025-10-22 22:20:51,613 [Worker-21: Launching Executing install in _Users_tamilmughilane_College_Projects_Knowledge Base_backend] INFO  o.eclipse.m2e.core.internal.Bundles - 	Entry: /Applications/Eclipse.app/Contents/Eclipse/plugins/org.eclipse.m2e.maven.runtime_3.9.900.20250220-2013/jars/plexus-xml-3.0.1.jar
2025-10-22 22:20:51,613 [Worker-21: Launching Executing install in _Users_tamilmughilane_College_Projects_Knowledge Base_backend] INFO  o.eclipse.m2e.core.internal.Bundles - 	Entry: /Applications/Eclipse.app/Contents/Eclipse/plugins/org.eclipse.m2e.maven.runtime_3.9.900.20250220-2013/jars/wagon-file-3.5.3.jar
2025-10-22 22:20:51,613 [Worker-21: Launching Executing install in _Users_tamilmughilane_College_Projects_Knowledge Base_backend] INFO  o.eclipse.m2e.core.internal.Bundles - 	Entry: /Applications/Eclipse.app/Contents/Eclipse/plugins/org.eclipse.m2e.maven.runtime_3.9.900.20250220-2013/jars/wagon-http-3.5.3.jar
2025-10-22 22:20:51,613 [Worker-21: Launching Executing install in _Users_tamilmughilane_College_Projects_Knowledge Base_backend] INFO  o.eclipse.m2e.core.internal.Bundles - 	Entry: /Applications/Eclipse.app/Contents/Eclipse/plugins/org.eclipse.m2e.maven.runtime_3.9.900.20250220-2013/jars/wagon-http-shared-3.5.3.jar
2025-10-22 22:20:51,613 [Worker-21: Launching Executing install in _Users_tamilmughilane_College_Projects_Knowledge Base_backend] INFO  o.eclipse.m2e.core.internal.Bundles - 	Entry: /Applications/Eclipse.app/Contents/Eclipse/plugins/org.eclipse.m2e.maven.runtime_3.9.900.20250220-2013/jars/wagon-provider-api-3.5.3.jar
2025-10-22 22:20:51,614 [Worker-21: Launching Executing install in _Users_tamilmughilane_College_Projects_Knowledge Base_backend] INFO  o.eclipse.m2e.core.internal.Bundles - getClasspathEntries(Bundle=com.google.guava_33.4.8.jre [18])
2025-10-22 22:20:51,614 [Worker-21: Launching Executing install in _Users_tamilmughilane_College_Projects_Knowledge Base_backend] INFO  o.eclipse.m2e.core.internal.Bundles - 	Entry: /Applications/Eclipse.app/Contents/Eclipse/plugins/com.google.guava_33.4.8.jre.jar
2025-10-22 22:20:51,614 [Worker-21: Launching Executing install in _Users_tamilmughilane_College_Projects_Knowledge Base_backend] INFO  o.eclipse.m2e.core.internal.Bundles - getClasspathEntries(Bundle=slf4j.api_2.0.17 [1004])
2025-10-22 22:20:51,614 [Worker-21: Launching Executing install in _Users_tamilmughilane_College_Projects_Knowledge Base_backend] INFO  o.eclipse.m2e.core.internal.Bundles - 	Entry: /Applications/Eclipse.app/Contents/Eclipse/plugins/slf4j.api_2.0.17.jar
2025-10-22 22:20:51,614 [Worker-21: Launching Executing install in _Users_tamilmughilane_College_Projects_Knowledge Base_backend] INFO  o.eclipse.m2e.core.internal.Bundles - getClasspathEntries(Bundle=jakarta.inject.jakarta.inject-api_1.0.5 [35])
2025-10-22 22:20:51,614 [Worker-21: Launching Executing install in _Users_tamilmughilane_College_Projects_Knowledge Base_backend] INFO  o.eclipse.m2e.core.internal.Bundles - 	Entry: /Applications/Eclipse.app/Contents/Eclipse/plugins/jakarta.inject.jakarta.inject-api_1.0.5.jar
2025-10-22 22:20:51,614 [Worker-21: Launching Executing install in _Users_tamilmughilane_College_Projects_Knowledge Base_backend] INFO  o.eclipse.m2e.core.internal.Bundles - getClasspathEntries(Bundle=javax.annotation_1.3.5.v20200909-1856 [45])
2025-10-22 22:20:51,614 [Worker-21: Launching Executing install in _Users_tamilmughilane_College_Projects_Knowledge Base_backend] INFO  o.eclipse.m2e.core.internal.Bundles - 	Entry: /Applications/Eclipse.app/Contents/Eclipse/plugins/javax.annotation_1.3.5.v20200909-1856.jar
2025-10-22 22:20:51,614 [Worker-21: Launching Executing install in _Users_tamilmughilane_College_Projects_Knowledge Base_backend] INFO  o.eclipse.m2e.core.internal.Bundles - getClasspathEntries(Bundle=org.apache.commons.cli_1.9.0 [76])
2025-10-22 22:20:51,614 [Worker-21: Launching Executing install in _Users_tamilmughilane_College_Projects_Knowledge Base_backend] INFO  o.eclipse.m2e.core.internal.Bundles - 	Entry: /Applications/Eclipse.app/Contents/Eclipse/plugins/org.apache.commons.cli_1.9.0.jar
2025-10-22 22:20:51,614 [Worker-21: Launching Executing install in _Users_tamilmughilane_College_Projects_Knowledge Base_backend] INFO  o.eclipse.m2e.core.internal.Bundles - getClasspathEntries(Bundle=org.apache.commons.commons-codec_1.16.0 [78])
2025-10-22 22:20:51,614 [Worker-21: Launching Executing install in _Users_tamilmughilane_College_Projects_Knowledge Base_backend] INFO  o.eclipse.m2e.core.internal.Bundles - 	Entry: /Applications/Eclipse.app/Contents/Eclipse/plugins/org.apache.commons.commons-codec_1.16.0.jar
2025-10-22 22:20:51,614 [Worker-21: Launching Executing install in _Users_tamilmughilane_College_Projects_Knowledge Base_backend] INFO  o.eclipse.m2e.core.internal.Bundles - getClasspathEntries(Bundle=com.google.guava.failureaccess_1.0.3 [19])
2025-10-22 22:20:51,614 [Worker-21: Launching Executing install in _Users_tamilmughilane_College_Projects_Knowledge Base_backend] INFO  o.eclipse.m2e.core.internal.Bundles - 	Entry: /Applications/Eclipse.app/Contents/Eclipse/plugins/com.google.guava.failureaccess_1.0.3.jar
2025-10-22 22:20:51,615 [Worker-21: Launching Executing install in _Users_tamilmughilane_College_Projects_Knowledge Base_backend] INFO  o.e.m.i.launch.MavenLaunchDelegate - Run build in "/Users/tamilmughilane/College/Projects/Knowledge Base/backend":
2025-10-22 22:20:51,617 [Worker-21: Launching Executing install in _Users_tamilmughilane_College_Projects_Knowledge Base_backend] INFO  o.e.m.i.launch.MavenLaunchDelegate -  mvn  -B -Dstyle.color=always install
2025-10-22 22:22:09,729 [Worker-21: Building] INFO  o.e.m.c.i.l.LifecycleMappingFactory - Using org.eclipse.m2e.jdt.JarLifecycleMapping lifecycle mapping for MavenProject: com.knowledgebase:backend:0.0.1-SNAPSHOT @ /Users/tamilmughilane/College/Projects/Knowledge Base/backend/pom.xml.
2025-10-22 22:22:09,869 [Worker-21: Building] INFO  o.a.m.s.f.DefaultMavenResourcesFiltering - Copying 0 resource from src/main/resources to target/classes
2025-10-22 22:22:09,869 [Worker-21: Building] INFO  o.a.m.s.f.DefaultMavenResourcesFiltering - Copying 0 resource from src/main/resources to target/classes
2025-10-22 22:22:09,870 [Worker-21: Building] INFO  o.a.m.s.f.DefaultMavenResourcesFiltering - skip non existing resourceDirectory /Users/tamilmughilane/College/Projects/Knowledge Base/backend/src/test/resources
2025-10-22 22:23:39,839 [Worker-11: Building] INFO  o.e.m.c.i.l.LifecycleMappingFactory - Using org.eclipse.m2e.jdt.JarLifecycleMapping lifecycle mapping for MavenProject: com.knowledgebase:backend:0.0.1-SNAPSHOT @ /Users/tamilmughilane/College/Projects/Knowledge Base/backend/pom.xml.
2025-10-22 22:23:39,914 [Worker-11: Building] INFO  o.a.m.s.f.DefaultMavenResourcesFiltering - Copying 0 resource from src/main/resources to target/classes
2025-10-22 22:23:39,914 [Worker-11: Building] INFO  o.a.m.s.f.DefaultMavenResourcesFiltering - Copying 0 resource from src/main/resources to target/classes
2025-10-22 22:23:39,915 [Worker-11: Building] INFO  o.a.m.s.f.DefaultMavenResourcesFiltering - skip non existing resourceDirectory /Users/tamilmughilane/College/Projects/Knowledge Base/backend/src/test/resources
2025-10-22 22:23:39,923 [Worker-29: Updating Maven Project] INFO  o.e.m.c.i.p.ProjectConfigurationManager - Update started
2025-10-22 22:23:39,962 [Worker-29: Updating Maven Project] INFO  o.e.m.c.i.l.LifecycleMappingFactory - Using org.eclipse.m2e.jdt.JarLifecycleMapping lifecycle mapping for MavenProject: com.knowledgebase:backend:0.0.1-SNAPSHOT @ /Users/tamilmughilane/College/Projects/Knowledge Base/backend/pom.xml.
2025-10-22 22:23:40,015 [Worker-29: Updating Maven Project] INFO  o.e.m.j.i.AbstractJavaProjectConfigurator - Adding source folder /backend/src/main/java
2025-10-22 22:23:40,015 [Worker-29: Updating Maven Project] INFO  o.e.m.j.i.AbstractJavaProjectConfigurator - Adding resource folder /backend/src/main/resources
2025-10-22 22:23:40,015 [Worker-29: Updating Maven Project] INFO  o.e.m.j.i.AbstractJavaProjectConfigurator - Adding resource folder /backend/src/main/resources
2025-10-22 22:23:40,016 [Worker-29: Updating Maven Project] INFO  o.e.m.j.i.AbstractJavaProjectConfigurator - Adding source folder /backend/src/test/java
2025-10-22 22:23:40,016 [Worker-29: Updating Maven Project] INFO  o.e.m.j.i.AbstractJavaProjectConfigurator - Adding resource folder /backend/src/test/resources
2025-10-22 22:23:40,302 [Worker-29: Updating Maven Project] INFO  o.e.m.c.i.p.ProjectConfigurationManager - Update completed for 1 poms: local refresh takes 0.00 sec, refresh facades takes 0.00 sec, update config takes 0.00 sec 
2025-10-22 22:23:41,078 [Worker-30: Building] INFO  o.a.m.s.f.DefaultMavenResourcesFiltering - Copying 1 resource from src/main/resources to target/classes
2025-10-22 22:23:41,084 [Worker-30: Building] INFO  o.a.m.s.f.DefaultMavenResourcesFiltering - Copying 0 resource from src/main/resources to target/classes
2025-10-22 22:23:41,085 [Worker-30: Building] INFO  o.a.m.s.f.DefaultMavenResourcesFiltering - skip non existing resourceDirectory /Users/tamilmughilane/College/Projects/Knowledge Base/backend/src/test/resources
2025-10-22 22:24:52,762 [Worker-11: Launching Executing install in _Users_tamilmughilane_College_Projects_Knowledge Base_backend] INFO  o.eclipse.m2e.core.internal.Bundles - getClasspathEntries(Bundle=org.eclipse.m2e.maven.runtime_3.9.900.20250220-2013 [638])
2025-10-22 22:24:52,762 [Worker-11: Launching Executing install in _Users_tamilmughilane_College_Projects_Knowledge Base_backend] INFO  o.eclipse.m2e.core.internal.Bundles - 	Entry: /Applications/Eclipse.app/Contents/Eclipse/plugins/org.eclipse.m2e.maven.runtime_3.9.900.20250220-2013
2025-10-22 22:24:52,762 [Worker-11: Launching Executing install in _Users_tamilmughilane_College_Projects_Knowledge Base_backend] INFO  o.eclipse.m2e.core.internal.Bundles - 	Entry: /Applications/Eclipse.app/Contents/Eclipse/plugins/org.eclipse.m2e.maven.runtime_3.9.900.20250220-2013/jars/aopalliance-1.0.jar
2025-10-22 22:24:52,762 [Worker-11: Launching Executing install in _Users_tamilmughilane_College_Projects_Knowledge Base_backend] INFO  o.eclipse.m2e.core.internal.Bundles - 	Entry: /Applications/Eclipse.app/Contents/Eclipse/plugins/org.eclipse.m2e.maven.runtime_3.9.900.20250220-2013/jars/guice-5.1.0.jar
2025-10-22 22:24:52,762 [Worker-11: Launching Executing install in _Users_tamilmughilane_College_Projects_Knowledge Base_backend] INFO  o.eclipse.m2e.core.internal.Bundles - 	Entry: /Applications/Eclipse.app/Contents/Eclipse/plugins/org.eclipse.m2e.maven.runtime_3.9.900.20250220-2013/jars/httpclient-4.5.14.jar
2025-10-22 22:24:52,762 [Worker-11: Launching Executing install in _Users_tamilmughilane_College_Projects_Knowledge Base_backend] INFO  o.eclipse.m2e.core.internal.Bundles - 	Entry: /Applications/Eclipse.app/Contents/Eclipse/plugins/org.eclipse.m2e.maven.runtime_3.9.900.20250220-2013/jars/httpcore-4.4.16.jar
2025-10-22 22:24:52,762 [Worker-11: Launching Executing install in _Users_tamilmughilane_College_Projects_Knowledge Base_backend] INFO  o.eclipse.m2e.core.internal.Bundles - 	Entry: /Applications/Eclipse.app/Contents/Eclipse/plugins/org.eclipse.m2e.maven.runtime_3.9.900.20250220-2013/jars/jansi-2.4.1.jar
2025-10-22 22:24:52,762 [Worker-11: Launching Executing install in _Users_tamilmughilane_College_Projects_Knowledge Base_backend] INFO  o.eclipse.m2e.core.internal.Bundles - 	Entry: /Applications/Eclipse.app/Contents/Eclipse/plugins/org.eclipse.m2e.maven.runtime_3.9.900.20250220-2013/jars/jcl-over-slf4j-1.7.36.jar
2025-10-22 22:24:52,762 [Worker-11: Launching Executing install in _Users_tamilmughilane_College_Projects_Knowledge Base_backend] INFO  o.eclipse.m2e.core.internal.Bundles - 	Entry: /Applications/Eclipse.app/Contents/Eclipse/plugins/org.eclipse.m2e.maven.runtime_3.9.900.20250220-2013/jars/maven-artifact-3.9.9.jar
2025-10-22 22:24:52,762 [Worker-11: Launching Executing install in _Users_tamilmughilane_College_Projects_Knowledge Base_backend] INFO  o.eclipse.m2e.core.internal.Bundles - 	Entry: /Applications/Eclipse.app/Contents/Eclipse/plugins/org.eclipse.m2e.maven.runtime_3.9.900.20250220-2013/jars/maven-builder-support-3.9.9.jar
2025-10-22 22:24:52,762 [Worker-11: Launching Executing install in _Users_tamilmughilane_College_Projects_Knowledge Base_backend] INFO  o.eclipse.m2e.core.internal.Bundles - 	Entry: /Applications/Eclipse.app/Contents/Eclipse/plugins/org.eclipse.m2e.maven.runtime_3.9.900.20250220-2013/jars/maven-compat-3.9.9.jar
2025-10-22 22:24:52,762 [Worker-11: Launching Executing install in _Users_tamilmughilane_College_Projects_Knowledge Base_backend] INFO  o.eclipse.m2e.core.internal.Bundles - 	Entry: /Applications/Eclipse.app/Contents/Eclipse/plugins/org.eclipse.m2e.maven.runtime_3.9.900.20250220-2013/jars/maven-core-3.9.9.jar
2025-10-22 22:24:52,762 [Worker-11: Launching Executing install in _Users_tamilmughilane_College_Projects_Knowledge Base_backend] INFO  o.eclipse.m2e.core.internal.Bundles - 	Entry: /Applications/Eclipse.app/Contents/Eclipse/plugins/org.eclipse.m2e.maven.runtime_3.9.900.20250220-2013/jars/maven-embedder-3.9.9.jar
2025-10-22 22:24:52,762 [Worker-11: Launching Executing install in _Users_tamilmughilane_College_Projects_Knowledge Base_backend] INFO  o.eclipse.m2e.core.internal.Bundles - 	Entry: /Applications/Eclipse.app/Contents/Eclipse/plugins/org.eclipse.m2e.maven.runtime_3.9.900.20250220-2013/jars/maven-model-3.9.9.jar
2025-10-22 22:24:52,762 [Worker-11: Launching Executing install in _Users_tamilmughilane_College_Projects_Knowledge Base_backend] INFO  o.eclipse.m2e.core.internal.Bundles - 	Entry: /Applications/Eclipse.app/Contents/Eclipse/plugins/org.eclipse.m2e.maven.runtime_3.9.900.20250220-2013/jars/maven-model-builder-3.9.9.jar
2025-10-22 22:24:52,762 [Worker-11: Launching Executing install in _Users_tamilmughilane_College_Projects_Knowledge Base_backend] INFO  o.eclipse.m2e.core.internal.Bundles - 	Entry: /Applications/Eclipse.app/Contents/Eclipse/plugins/org.eclipse.m2e.maven.runtime_3.9.900.20250220-2013/jars/maven-plugin-api-3.9.9.jar
2025-10-22 22:24:52,762 [Worker-11: Launching Executing install in _Users_tamilmughilane_College_Projects_Knowledge Base_backend] INFO  o.eclipse.m2e.core.internal.Bundles - 	Entry: /Applications/Eclipse.app/Contents/Eclipse/plugins/org.eclipse.m2e.maven.runtime_3.9.900.20250220-2013/jars/maven-repository-metadata-3.9.9.jar
2025-10-22 22:24:52,762 [Worker-11: Launching Executing install in _Users_tamilmughilane_College_Projects_Knowledge Base_backend] INFO  o.eclipse.m2e.core.internal.Bundles - 	Entry: /Applications/Eclipse.app/Contents/Eclipse/plugins/org.eclipse.m2e.maven.runtime_3.9.900.20250220-2013/jars/maven-resolver-api-1.9.22.jar
2025-10-22 22:24:52,762 [Worker-11: Launching Executing install in _Users_tamilmughilane_College_Projects_Knowledge Base_backend] INFO  o.eclipse.m2e.core.internal.Bundles - 	Entry: /Applications/Eclipse.app/Contents/Eclipse/plugins/org.eclipse.m2e.maven.runtime_3.9.900.20250220-2013/jars/maven-resolver-connector-basic-1.9.22.jar
2025-10-22 22:24:52,762 [Worker-11: Launching Executing install in _Users_tamilmughilane_College_Projects_Knowledge Base_backend] INFO  o.eclipse.m2e.core.internal.Bundles - 	Entry: /Applications/Eclipse.app/Contents/Eclipse/plugins/org.eclipse.m2e.maven.runtime_3.9.900.20250220-2013/jars/maven-resolver-impl-1.9.22.jar
2025-10-22 22:24:52,762 [Worker-11: Launching Executing install in _Users_tamilmughilane_College_Projects_Knowledge Base_backend] INFO  o.eclipse.m2e.core.internal.Bundles - 	Entry: /Applications/Eclipse.app/Contents/Eclipse/plugins/org.eclipse.m2e.maven.runtime_3.9.900.20250220-2013/jars/maven-resolver-named-locks-1.9.22.jar
2025-10-22 22:24:52,762 [Worker-11: Launching Executing install in _Users_tamilmughilane_College_Projects_Knowledge Base_backend] INFO  o.eclipse.m2e.core.internal.Bundles - 	Entry: /Applications/Eclipse.app/Contents/Eclipse/plugins/org.eclipse.m2e.maven.runtime_3.9.900.20250220-2013/jars/maven-resolver-provider-3.9.9.jar
2025-10-22 22:24:52,763 [Worker-11: Launching Executing install in _Users_tamilmughilane_College_Projects_Knowledge Base_backend] INFO  o.eclipse.m2e.core.internal.Bundles - 	Entry: /Applications/Eclipse.app/Contents/Eclipse/plugins/org.eclipse.m2e.maven.runtime_3.9.900.20250220-2013/jars/maven-resolver-spi-1.9.22.jar
2025-10-22 22:24:52,763 [Worker-11: Launching Executing install in _Users_tamilmughilane_College_Projects_Knowledge Base_backend] INFO  o.eclipse.m2e.core.internal.Bundles - 	Entry: /Applications/Eclipse.app/Contents/Eclipse/plugins/org.eclipse.m2e.maven.runtime_3.9.900.20250220-2013/jars/maven-resolver-transport-file-1.9.22.jar
2025-10-22 22:24:52,763 [Worker-11: Launching Executing install in _Users_tamilmughilane_College_Projects_Knowledge Base_backend] INFO  o.eclipse.m2e.core.internal.Bundles - 	Entry: /Applications/Eclipse.app/Contents/Eclipse/plugins/org.eclipse.m2e.maven.runtime_3.9.900.20250220-2013/jars/maven-resolver-transport-http-1.9.22.jar
2025-10-22 22:24:52,763 [Worker-11: Launching Executing install in _Users_tamilmughilane_College_Projects_Knowledge Base_backend] INFO  o.eclipse.m2e.core.internal.Bundles - 	Entry: /Applications/Eclipse.app/Contents/Eclipse/plugins/org.eclipse.m2e.maven.runtime_3.9.900.20250220-2013/jars/maven-resolver-transport-wagon-1.9.22.jar
2025-10-22 22:24:52,763 [Worker-11: Launching Executing install in _Users_tamilmughilane_College_Projects_Knowledge Base_backend] INFO  o.eclipse.m2e.core.internal.Bundles - 	Entry: /Applications/Eclipse.app/Contents/Eclipse/plugins/org.eclipse.m2e.maven.runtime_3.9.900.20250220-2013/jars/maven-resolver-util-1.9.22.jar
2025-10-22 22:24:52,763 [Worker-11: Launching Executing install in _Users_tamilmughilane_College_Projects_Knowledge Base_backend] INFO  o.eclipse.m2e.core.internal.Bundles - 	Entry: /Applications/Eclipse.app/Contents/Eclipse/plugins/org.eclipse.m2e.maven.runtime_3.9.900.20250220-2013/jars/maven-settings-3.9.9.jar
2025-10-22 22:24:52,763 [Worker-11: Launching Executing install in _Users_tamilmughilane_College_Projects_Knowledge Base_backend] INFO  o.eclipse.m2e.core.internal.Bundles - 	Entry: /Applications/Eclipse.app/Contents/Eclipse/plugins/org.eclipse.m2e.maven.runtime_3.9.900.20250220-2013/jars/maven-settings-builder-3.9.9.jar
2025-10-22 22:24:52,763 [Worker-11: Launching Executing install in _Users_tamilmughilane_College_Projects_Knowledge Base_backend] INFO  o.eclipse.m2e.core.internal.Bundles - 	Entry: /Applications/Eclipse.app/Contents/Eclipse/plugins/org.eclipse.m2e.maven.runtime_3.9.900.20250220-2013/jars/maven-shared-utils-3.4.2.jar
2025-10-22 22:24:52,763 [Worker-11: Launching Executing install in _Users_tamilmughilane_College_Projects_Knowledge Base_backend] INFO  o.eclipse.m2e.core.internal.Bundles - 	Entry: /Applications/Eclipse.app/Contents/Eclipse/plugins/org.eclipse.m2e.maven.runtime_3.9.900.20250220-2013/jars/org.eclipse.sisu.inject-0.9.0.M3.jar
2025-10-22 22:24:52,763 [Worker-11: Launching Executing install in _Users_tamilmughilane_College_Projects_Knowledge Base_backend] INFO  o.eclipse.m2e.core.internal.Bundles - 	Entry: /Applications/Eclipse.app/Contents/Eclipse/plugins/org.eclipse.m2e.maven.runtime_3.9.900.20250220-2013/jars/org.eclipse.sisu.plexus-0.9.0.M3.jar
2025-10-22 22:24:52,763 [Worker-11: Launching Executing install in _Users_tamilmughilane_College_Projects_Knowledge Base_backend] INFO  o.eclipse.m2e.core.internal.Bundles - 	Entry: /Applications/Eclipse.app/Contents/Eclipse/plugins/org.eclipse.m2e.maven.runtime_3.9.900.20250220-2013/jars/plexus-build-api-0.0.7.jar
2025-10-22 22:24:52,763 [Worker-11: Launching Executing install in _Users_tamilmughilane_College_Projects_Knowledge Base_backend] INFO  o.eclipse.m2e.core.internal.Bundles - 	Entry: /Applications/Eclipse.app/Contents/Eclipse/plugins/org.eclipse.m2e.maven.runtime_3.9.900.20250220-2013/jars/plexus-build-api-1.2.0.jar
2025-10-22 22:24:52,763 [Worker-11: Launching Executing install in _Users_tamilmughilane_College_Projects_Knowledge Base_backend] INFO  o.eclipse.m2e.core.internal.Bundles - 	Entry: /Applications/Eclipse.app/Contents/Eclipse/plugins/org.eclipse.m2e.maven.runtime_3.9.900.20250220-2013/jars/plexus-cipher-2.0.jar
2025-10-22 22:24:52,763 [Worker-11: Launching Executing install in _Users_tamilmughilane_College_Projects_Knowledge Base_backend] INFO  o.eclipse.m2e.core.internal.Bundles - 	Entry: /Applications/Eclipse.app/Contents/Eclipse/plugins/org.eclipse.m2e.maven.runtime_3.9.900.20250220-2013/jars/plexus-classworlds-2.8.0.jar
2025-10-22 22:24:52,763 [Worker-11: Launching Executing install in _Users_tamilmughilane_College_Projects_Knowledge Base_backend] INFO  o.eclipse.m2e.core.internal.Bundles - 	Entry: /Applications/Eclipse.app/Contents/Eclipse/plugins/org.eclipse.m2e.maven.runtime_3.9.900.20250220-2013/jars/plexus-component-annotations-2.1.0.jar
2025-10-22 22:24:52,763 [Worker-11: Launching Executing install in _Users_tamilmughilane_College_Projects_Knowledge Base_backend] INFO  o.eclipse.m2e.core.internal.Bundles - 	Entry: /Applications/Eclipse.app/Contents/Eclipse/plugins/org.eclipse.m2e.maven.runtime_3.9.900.20250220-2013/jars/plexus-interpolation-1.27.jar
2025-10-22 22:24:52,763 [Worker-11: Launching Executing install in _Users_tamilmughilane_College_Projects_Knowledge Base_backend] INFO  o.eclipse.m2e.core.internal.Bundles - 	Entry: /Applications/Eclipse.app/Contents/Eclipse/plugins/org.eclipse.m2e.maven.runtime_3.9.900.20250220-2013/jars/plexus-sec-dispatcher-2.0.jar
2025-10-22 22:24:52,763 [Worker-11: Launching Executing install in _Users_tamilmughilane_College_Projects_Knowledge Base_backend] INFO  o.eclipse.m2e.core.internal.Bundles - 	Entry: /Applications/Eclipse.app/Contents/Eclipse/plugins/org.eclipse.m2e.maven.runtime_3.9.900.20250220-2013/jars/plexus-utils-3.5.1.jar
2025-10-22 22:24:52,763 [Worker-11: Launching Executing install in _Users_tamilmughilane_College_Projects_Knowledge Base_backend] INFO  o.eclipse.m2e.core.internal.Bundles - 	Entry: /Applications/Eclipse.app/Contents/Eclipse/plugins/org.eclipse.m2e.maven.runtime_3.9.900.20250220-2013/jars/plexus-xml-3.0.1.jar
2025-10-22 22:24:52,763 [Worker-11: Launching Executing install in _Users_tamilmughilane_College_Projects_Knowledge Base_backend] INFO  o.eclipse.m2e.core.internal.Bundles - 	Entry: /Applications/Eclipse.app/Contents/Eclipse/plugins/org.eclipse.m2e.maven.runtime_3.9.900.20250220-2013/jars/wagon-file-3.5.3.jar
2025-10-22 22:24:52,763 [Worker-11: Launching Executing install in _Users_tamilmughilane_College_Projects_Knowledge Base_backend] INFO  o.eclipse.m2e.core.internal.Bundles - 	Entry: /Applications/Eclipse.app/Contents/Eclipse/plugins/org.eclipse.m2e.maven.runtime_3.9.900.20250220-2013/jars/wagon-http-3.5.3.jar
2025-10-22 22:24:52,763 [Worker-11: Launching Executing install in _Users_tamilmughilane_College_Projects_Knowledge Base_backend] INFO  o.eclipse.m2e.core.internal.Bundles - 	Entry: /Applications/Eclipse.app/Contents/Eclipse/plugins/org.eclipse.m2e.maven.runtime_3.9.900.20250220-2013/jars/wagon-http-shared-3.5.3.jar
2025-10-22 22:24:52,763 [Worker-11: Launching Executing install in _Users_tamilmughilane_College_Projects_Knowledge Base_backend] INFO  o.eclipse.m2e.core.internal.Bundles - 	Entry: /Applications/Eclipse.app/Contents/Eclipse/plugins/org.eclipse.m2e.maven.runtime_3.9.900.20250220-2013/jars/wagon-provider-api-3.5.3.jar
2025-10-22 22:24:52,763 [Worker-11: Launching Executing install in _Users_tamilmughilane_College_Projects_Knowledge Base_backend] INFO  o.eclipse.m2e.core.internal.Bundles - getClasspathEntries(Bundle=com.google.guava_33.4.8.jre [18])
2025-10-22 22:24:52,763 [Worker-11: Launching Executing install in _Users_tamilmughilane_College_Projects_Knowledge Base_backend] INFO  o.eclipse.m2e.core.internal.Bundles - 	Entry: /Applications/Eclipse.app/Contents/Eclipse/plugins/com.google.guava_33.4.8.jre.jar
2025-10-22 22:24:52,763 [Worker-11: Launching Executing install in _Users_tamilmughilane_College_Projects_Knowledge Base_backend] INFO  o.eclipse.m2e.core.internal.Bundles - getClasspathEntries(Bundle=slf4j.api_2.0.17 [1004])
2025-10-22 22:24:52,763 [Worker-11: Launching Executing install in _Users_tamilmughilane_College_Projects_Knowledge Base_backend] INFO  o.eclipse.m2e.core.internal.Bundles - 	Entry: /Applications/Eclipse.app/Contents/Eclipse/plugins/slf4j.api_2.0.17.jar
2025-10-22 22:24:52,763 [Worker-11: Launching Executing install in _Users_tamilmughilane_College_Projects_Knowledge Base_backend] INFO  o.eclipse.m2e.core.internal.Bundles - getClasspathEntries(Bundle=jakarta.inject.jakarta.inject-api_1.0.5 [35])
2025-10-22 22:24:52,763 [Worker-11: Launching Executing install in _Users_tamilmughilane_College_Projects_Knowledge Base_backend] INFO  o.eclipse.m2e.core.internal.Bundles - 	Entry: /Applications/Eclipse.app/Contents/Eclipse/plugins/jakarta.inject.jakarta.inject-api_1.0.5.jar
2025-10-22 22:24:52,763 [Worker-11: Launching Executing install in _Users_tamilmughilane_College_Projects_Knowledge Base_backend] INFO  o.eclipse.m2e.core.internal.Bundles - getClasspathEntries(Bundle=javax.annotation_1.3.5.v20200909-1856 [45])
2025-10-22 22:24:52,763 [Worker-11: Launching Executing install in _Users_tamilmughilane_College_Projects_Knowledge Base_backend] INFO  o.eclipse.m2e.core.internal.Bundles - 	Entry: /Applications/Eclipse.app/Contents/Eclipse/plugins/javax.annotation_1.3.5.v20200909-1856.jar
2025-10-22 22:24:52,763 [Worker-11: Launching Executing install in _Users_tamilmughilane_College_Projects_Knowledge Base_backend] INFO  o.eclipse.m2e.core.internal.Bundles - getClasspathEntries(Bundle=org.apache.commons.cli_1.9.0 [76])
2025-10-22 22:24:52,763 [Worker-11: Launching Executing install in _Users_tamilmughilane_College_Projects_Knowledge Base_backend] INFO  o.eclipse.m2e.core.internal.Bundles - 	Entry: /Applications/Eclipse.app/Contents/Eclipse/plugins/org.apache.commons.cli_1.9.0.jar
2025-10-22 22:24:52,763 [Worker-11: Launching Executing install in _Users_tamilmughilane_College_Projects_Knowledge Base_backend] INFO  o.eclipse.m2e.core.internal.Bundles - getClasspathEntries(Bundle=org.apache.commons.commons-codec_1.16.0 [78])
2025-10-22 22:24:52,763 [Worker-11: Launching Executing install in _Users_tamilmughilane_College_Projects_Knowledge Base_backend] INFO  o.eclipse.m2e.core.internal.Bundles - 	Entry: /Applications/Eclipse.app/Contents/Eclipse/plugins/org.apache.commons.commons-codec_1.16.0.jar
2025-10-22 22:24:52,763 [Worker-11: Launching Executing install in _Users_tamilmughilane_College_Projects_Knowledge Base_backend] INFO  o.eclipse.m2e.core.internal.Bundles - getClasspathEntries(Bundle=com.google.guava.failureaccess_1.0.3 [19])
2025-10-22 22:24:52,763 [Worker-11: Launching Executing install in _Users_tamilmughilane_College_Projects_Knowledge Base_backend] INFO  o.eclipse.m2e.core.internal.Bundles - 	Entry: /Applications/Eclipse.app/Contents/Eclipse/plugins/com.google.guava.failureaccess_1.0.3.jar
2025-10-22 22:24:52,763 [Worker-11: Launching Executing install in _Users_tamilmughilane_College_Projects_Knowledge Base_backend] INFO  o.e.m.i.launch.MavenLaunchDelegate - Run build in "/Users/tamilmughilane/College/Projects/Knowledge Base/backend":
2025-10-22 22:24:52,763 [Worker-11: Launching Executing install in _Users_tamilmughilane_College_Projects_Knowledge Base_backend] INFO  o.e.m.i.launch.MavenLaunchDelegate -  mvn  -B -Dstyle.color=always install
2025-10-22 22:25:55,769 [Worker-26: Launching BackendApplication] INFO  o.a.m.s.f.DefaultMavenResourcesFiltering - Copying 1 resource from src/main/resources to target/classes
2025-10-22 22:25:55,770 [Worker-26: Launching BackendApplication] INFO  o.a.m.s.f.DefaultMavenResourcesFiltering - Copying 0 resource from src/main/resources to target/classes
2025-10-22 22:25:55,771 [Worker-26: Launching BackendApplication] INFO  o.a.m.s.f.DefaultMavenResourcesFiltering - skip non existing resourceDirectory /Users/tamilmughilane/College/Projects/Knowledge Base/backend/src/test/resources
2025-10-22 22:51:52,195 [Worker-11: Building] INFO  o.a.m.s.f.DefaultMavenResourcesFiltering - Copying 1 resource from src/main/resources to target/classes
2025-10-22 22:51:52,197 [Worker-11: Building] INFO  o.a.m.s.f.DefaultMavenResourcesFiltering - Copying 0 resource from src/main/resources to target/classes
2025-10-22 22:51:52,198 [Worker-11: Building] INFO  o.a.m.s.f.DefaultMavenResourcesFiltering - skip non existing resourceDirectory /Users/tamilmughilane/College/Projects/Knowledge Base/backend/src/test/resources
2025-10-22 22:58:05,280 [Worker-31: Building] INFO  o.a.m.s.f.DefaultMavenResourcesFiltering - Copying 1 resource from src/main/resources to target/classes
2025-10-22 22:58:05,283 [Worker-31: Building] INFO  o.a.m.s.f.DefaultMavenResourcesFiltering - Copying 0 resource from src/main/resources to target/classes
2025-10-22 22:58:05,284 [Worker-31: Building] INFO  o.a.m.s.f.DefaultMavenResourcesFiltering - skip non existing resourceDirectory /Users/tamilmughilane/College/Projects/Knowledge Base/backend/src/test/resources
2025-10-22 23:01:28,599 [Worker-31: Building] INFO  o.a.m.s.f.DefaultMavenResourcesFiltering - Copying 1 resource from src/main/resources to target/classes
2025-10-22 23:01:28,601 [Worker-31: Building] INFO  o.a.m.s.f.DefaultMavenResourcesFiltering - Copying 0 resource from src/main/resources to target/classes
2025-10-22 23:01:28,602 [Worker-31: Building] INFO  o.a.m.s.f.DefaultMavenResourcesFiltering - skip non existing resourceDirectory /Users/tamilmughilane/College/Projects/Knowledge Base/backend/src/test/resources
2025-10-22 23:02:26,257 [Worker-30: Building] INFO  o.a.m.s.f.DefaultMavenResourcesFiltering - Copying 1 resource from src/main/resources to target/classes
2025-10-22 23:02:26,259 [Worker-30: Building] INFO  o.a.m.s.f.DefaultMavenResourcesFiltering - Copying 0 resource from src/main/resources to target/classes
2025-10-22 23:02:26,259 [Worker-30: Building] INFO  o.a.m.s.f.DefaultMavenResourcesFiltering - skip non existing resourceDirectory /Users/tamilmughilane/College/Projects/Knowledge Base/backend/src/test/resources
2025-10-22 23:02:52,168 [Worker-31: Building] INFO  o.a.m.s.f.DefaultMavenResourcesFiltering - Copying 1 resource from src/main/resources to target/classes
2025-10-22 23:02:52,170 [Worker-31: Building] INFO  o.a.m.s.f.DefaultMavenResourcesFiltering - Copying 0 resource from src/main/resources to target/classes
2025-10-22 23:02:52,171 [Worker-31: Building] INFO  o.a.m.s.f.DefaultMavenResourcesFiltering - skip non existing resourceDirectory /Users/tamilmughilane/College/Projects/Knowledge Base/backend/src/test/resources
2025-10-22 23:04:30,042 [Worker-11: Building] INFO  o.a.m.s.f.DefaultMavenResourcesFiltering - Copying 1 resource from src/main/resources to target/classes
2025-10-22 23:04:30,051 [Worker-11: Building] INFO  o.a.m.s.f.DefaultMavenResourcesFiltering - Copying 0 resource from src/main/resources to target/classes
2025-10-22 23:04:30,053 [Worker-11: Building] INFO  o.a.m.s.f.DefaultMavenResourcesFiltering - skip non existing resourceDirectory /Users/tamilmughilane/College/Projects/Knowledge Base/backend/src/test/resources
2025-10-22 23:04:53,719 [Worker-29: Building] INFO  o.a.m.s.f.DefaultMavenResourcesFiltering - Copying 1 resource from src/main/resources to target/classes
2025-10-22 23:04:53,720 [Worker-29: Building] INFO  o.a.m.s.f.DefaultMavenResourcesFiltering - Copying 0 resource from src/main/resources to target/classes
2025-10-22 23:04:53,721 [Worker-29: Building] INFO  o.a.m.s.f.DefaultMavenResourcesFiltering - skip non existing resourceDirectory /Users/tamilmughilane/College/Projects/Knowledge Base/backend/src/test/resources
2025-10-22 23:12:24,187 [Worker-32: Building] INFO  o.a.m.s.f.DefaultMavenResourcesFiltering - Copying 1 resource from src/main/resources to target/classes
2025-10-22 23:12:24,193 [Worker-32: Building] INFO  o.a.m.s.f.DefaultMavenResourcesFiltering - Copying 0 resource from src/main/resources to target/classes
2025-10-22 23:12:24,194 [Worker-32: Building] INFO  o.a.m.s.f.DefaultMavenResourcesFiltering - skip non existing resourceDirectory /Users/tamilmughilane/College/Projects/Knowledge Base/backend/src/test/resources
2025-10-22 23:12:25,357 [Worker-21: Building] INFO  o.a.m.s.f.DefaultMavenResourcesFiltering - Copying 1 resource from src/main/resources to target/classes
2025-10-22 23:12:25,357 [Worker-21: Building] INFO  o.a.m.s.f.DefaultMavenResourcesFiltering - Copying 0 resource from src/main/resources to target/classes
2025-10-22 23:12:25,358 [Worker-21: Building] INFO  o.a.m.s.f.DefaultMavenResourcesFiltering - skip non existing resourceDirectory /Users/tamilmughilane/College/Projects/Knowledge Base/backend/src/test/resources
2025-10-22 23:12:35,388 [Worker-31: Building] INFO  o.a.m.s.f.DefaultMavenResourcesFiltering - Copying 1 resource from src/main/resources to target/classes
2025-10-22 23:12:35,393 [Worker-31: Building] INFO  o.a.m.s.f.DefaultMavenResourcesFiltering - Copying 0 resource from src/main/resources to target/classes
2025-10-22 23:12:35,394 [Worker-31: Building] INFO  o.a.m.s.f.DefaultMavenResourcesFiltering - skip non existing resourceDirectory /Users/tamilmughilane/College/Projects/Knowledge Base/backend/src/test/resources
2025-10-22 23:13:42,614 [Worker-31: Building] INFO  o.a.m.s.f.DefaultMavenResourcesFiltering - Copying 1 resource from src/main/resources to target/classes
2025-10-22 23:13:42,617 [Worker-31: Building] INFO  o.a.m.s.f.DefaultMavenResourcesFiltering - Copying 0 resource from src/main/resources to target/classes
2025-10-22 23:13:42,618 [Worker-31: Building] INFO  o.a.m.s.f.DefaultMavenResourcesFiltering - skip non existing resourceDirectory /Users/tamilmughilane/College/Projects/Knowledge Base/backend/src/test/resources
2025-10-22 23:14:39,423 [Worker-31: Building] INFO  o.a.m.s.f.DefaultMavenResourcesFiltering - Copying 1 resource from src/main/resources to target/classes
2025-10-22 23:14:39,432 [Worker-31: Building] INFO  o.a.m.s.f.DefaultMavenResourcesFiltering - Copying 0 resource from src/main/resources to target/classes
2025-10-22 23:14:39,434 [Worker-31: Building] INFO  o.a.m.s.f.DefaultMavenResourcesFiltering - skip non existing resourceDirectory /Users/tamilmughilane/College/Projects/Knowledge Base/backend/src/test/resources
2025-10-22 23:21:34,127 [Worker-30: Building] INFO  o.a.m.s.f.DefaultMavenResourcesFiltering - Copying 1 resource from src/main/resources to target/classes
2025-10-22 23:21:34,131 [Worker-30: Building] INFO  o.a.m.s.f.DefaultMavenResourcesFiltering - Copying 0 resource from src/main/resources to target/classes
2025-10-22 23:21:34,132 [Worker-30: Building] INFO  o.a.m.s.f.DefaultMavenResourcesFiltering - skip non existing resourceDirectory /Users/tamilmughilane/College/Projects/Knowledge Base/backend/src/test/resources
2025-10-22 23:21:47,360 [Worker-29: Building] INFO  o.a.m.s.f.DefaultMavenResourcesFiltering - Copying 1 resource from src/main/resources to target/classes
2025-10-22 23:21:47,364 [Worker-29: Building] INFO  o.a.m.s.f.DefaultMavenResourcesFiltering - Copying 0 resource from src/main/resources to target/classes
2025-10-22 23:21:47,365 [Worker-29: Building] INFO  o.a.m.s.f.DefaultMavenResourcesFiltering - skip non existing resourceDirectory /Users/tamilmughilane/College/Projects/Knowledge Base/backend/src/test/resources
2025-10-23 09:52:53,669 [Worker-11: Building] INFO  o.a.m.s.f.DefaultMavenResourcesFiltering - Copying 1 resource from src/main/resources to target/classes
2025-10-23 09:52:53,700 [Worker-11: Building] INFO  o.a.m.s.f.DefaultMavenResourcesFiltering - Copying 0 resource from src/main/resources to target/classes
2025-10-23 09:52:53,703 [Worker-11: Building] INFO  o.a.m.s.f.DefaultMavenResourcesFiltering - skip non existing resourceDirectory /Users/tamilmughilane/College/Projects/Knowledge Base/backend/src/test/resources
2025-10-23 09:53:28,732 [Worker-29: Building] INFO  o.a.m.s.f.DefaultMavenResourcesFiltering - Copying 1 resource from src/main/resources to target/classes
2025-10-23 09:53:28,734 [Worker-29: Building] INFO  o.a.m.s.f.DefaultMavenResourcesFiltering - Copying 0 resource from src/main/resources to target/classes
2025-10-23 09:53:28,735 [Worker-29: Building] INFO  o.a.m.s.f.DefaultMavenResourcesFiltering - skip non existing resourceDirectory /Users/tamilmughilane/College/Projects/Knowledge Base/backend/src/test/resources
2025-10-23 09:53:51,977 [Worker-21: Building] INFO  o.a.m.s.f.DefaultMavenResourcesFiltering - Copying 1 resource from src/main/resources to target/classes
2025-10-23 09:53:51,980 [Worker-21: Building] INFO  o.a.m.s.f.DefaultMavenResourcesFiltering - Copying 0 resource from src/main/resources to target/classes
2025-10-23 09:53:51,980 [Worker-21: Building] INFO  o.a.m.s.f.DefaultMavenResourcesFiltering - skip non existing resourceDirectory /Users/tamilmughilane/College/Projects/Knowledge Base/backend/src/test/resources
2025-10-23 09:55:26,182 [Worker-29: Building] INFO  o.a.m.s.f.DefaultMavenResourcesFiltering - Copying 1 resource from src/main/resources to target/classes
2025-10-23 09:55:26,185 [Worker-29: Building] INFO  o.a.m.s.f.DefaultMavenResourcesFiltering - Copying 0 resource from src/main/resources to target/classes
2025-10-23 09:55:26,186 [Worker-29: Building] INFO  o.a.m.s.f.DefaultMavenResourcesFiltering - skip non existing resourceDirectory /Users/tamilmughilane/College/Projects/Knowledge Base/backend/src/test/resources
2025-10-23 09:55:53,521 [Worker-32: Building] INFO  o.a.m.s.f.DefaultMavenResourcesFiltering - Copying 1 resource from src/main/resources to target/classes
2025-10-23 09:55:53,526 [Worker-32: Building] INFO  o.a.m.s.f.DefaultMavenResourcesFiltering - Copying 0 resource from src/main/resources to target/classes
2025-10-23 09:55:53,527 [Worker-32: Building] INFO  o.a.m.s.f.DefaultMavenResourcesFiltering - skip non existing resourceDirectory /Users/tamilmughilane/College/Projects/Knowledge Base/backend/src/test/resources
2025-10-23 09:56:19,138 [Worker-31: Building] INFO  o.a.m.s.f.DefaultMavenResourcesFiltering - Copying 1 resource from src/main/resources to target/classes
2025-10-23 09:56:19,140 [Worker-31: Building] INFO  o.a.m.s.f.DefaultMavenResourcesFiltering - Copying 0 resource from src/main/resources to target/classes
2025-10-23 09:56:19,141 [Worker-31: Building] INFO  o.a.m.s.f.DefaultMavenResourcesFiltering - skip non existing resourceDirectory /Users/tamilmughilane/College/Projects/Knowledge Base/backend/src/test/resources
2025-10-23 09:56:44,357 [Worker-11: Building] INFO  o.a.m.s.f.DefaultMavenResourcesFiltering - Copying 1 resource from src/main/resources to target/classes
2025-10-23 09:56:44,359 [Worker-11: Building] INFO  o.a.m.s.f.DefaultMavenResourcesFiltering - Copying 0 resource from src/main/resources to target/classes
2025-10-23 09:56:44,360 [Worker-11: Building] INFO  o.a.m.s.f.DefaultMavenResourcesFiltering - skip non existing resourceDirectory /Users/tamilmughilane/College/Projects/Knowledge Base/backend/src/test/resources
2025-10-23 09:57:10,028 [Worker-21: Building] INFO  o.a.m.s.f.DefaultMavenResourcesFiltering - Copying 1 resource from src/main/resources to target/classes
2025-10-23 09:57:10,028 [Worker-21: Building] INFO  o.a.m.s.f.DefaultMavenResourcesFiltering - Copying 0 resource from src/main/resources to target/classes
2025-10-23 09:57:10,029 [Worker-21: Building] INFO  o.a.m.s.f.DefaultMavenResourcesFiltering - skip non existing resourceDirectory /Users/tamilmughilane/College/Projects/Knowledge Base/backend/src/test/resources
2025-10-23 09:57:53,681 [Worker-31: Building] INFO  o.a.m.s.f.DefaultMavenResourcesFiltering - Copying 1 resource from src/main/resources to target/classes
2025-10-23 09:57:53,682 [Worker-31: Building] INFO  o.a.m.s.f.DefaultMavenResourcesFiltering - Copying 0 resource from src/main/resources to target/classes
2025-10-23 09:57:53,683 [Worker-31: Building] INFO  o.a.m.s.f.DefaultMavenResourcesFiltering - skip non existing resourceDirectory /Users/tamilmughilane/College/Projects/Knowledge Base/backend/src/test/resources
2025-10-23 09:58:40,399 [Worker-36: Building] INFO  o.a.m.s.f.DefaultMavenResourcesFiltering - Copying 1 resource from src/main/resources to target/classes
2025-10-23 09:58:40,401 [Worker-36: Building] INFO  o.a.m.s.f.DefaultMavenResourcesFiltering - Copying 0 resource from src/main/resources to target/classes
2025-10-23 09:58:40,401 [Worker-36: Building] INFO  o.a.m.s.f.DefaultMavenResourcesFiltering - skip non existing resourceDirectory /Users/tamilmughilane/College/Projects/Knowledge Base/backend/src/test/resources
2025-10-23 10:09:02,654 [Worker-29: Building] INFO  o.a.m.s.f.DefaultMavenResourcesFiltering - Copying 1 resource from src/main/resources to target/classes
2025-10-23 10:09:02,664 [Worker-29: Building] INFO  o.a.m.s.f.DefaultMavenResourcesFiltering - Copying 0 resource from src/main/resources to target/classes
2025-10-23 10:09:02,665 [Worker-29: Building] INFO  o.a.m.s.f.DefaultMavenResourcesFiltering - skip non existing resourceDirectory /Users/tamilmughilane/College/Projects/Knowledge Base/backend/src/test/resources
2025-10-23 10:11:31,641 [Worker-21: Building] INFO  o.a.m.s.f.DefaultMavenResourcesFiltering - Copying 1 resource from src/main/resources to target/classes
2025-10-23 10:11:31,641 [Worker-21: Building] INFO  o.a.m.s.f.DefaultMavenResourcesFiltering - Copying 0 resource from src/main/resources to target/classes
2025-10-23 10:11:31,642 [Worker-21: Building] INFO  o.a.m.s.f.DefaultMavenResourcesFiltering - skip non existing resourceDirectory /Users/tamilmughilane/College/Projects/Knowledge Base/backend/src/test/resources
2025-10-23 10:47:58,512 [Worker-32: Building] INFO  o.a.m.s.f.DefaultMavenResourcesFiltering - Copying 1 resource from src/main/resources to target/classes
2025-10-23 10:47:58,553 [Worker-32: Building] INFO  o.a.m.s.f.DefaultMavenResourcesFiltering - Copying 0 resource from src/main/resources to target/classes
2025-10-23 10:47:58,556 [Worker-32: Building] INFO  o.a.m.s.f.DefaultMavenResourcesFiltering - skip non existing resourceDirectory /Users/tamilmughilane/College/Projects/Knowledge Base/backend/src/test/resources
2025-10-23 10:51:48,465 [Worker-33: Building] INFO  o.a.m.s.f.DefaultMavenResourcesFiltering - Copying 1 resource from src/main/resources to target/classes
2025-10-23 10:51:48,470 [Worker-33: Building] INFO  o.a.m.s.f.DefaultMavenResourcesFiltering - Copying 0 resource from src/main/resources to target/classes
2025-10-23 10:51:48,471 [Worker-33: Building] INFO  o.a.m.s.f.DefaultMavenResourcesFiltering - skip non existing resourceDirectory /Users/tamilmughilane/College/Projects/Knowledge Base/backend/src/test/resources
2025-10-23 10:53:11,437 [Worker-32: Building] INFO  o.a.m.s.f.DefaultMavenResourcesFiltering - Copying 1 resource from src/main/resources to target/classes
2025-10-23 10:53:11,440 [Worker-32: Building] INFO  o.a.m.s.f.DefaultMavenResourcesFiltering - Copying 0 resource from src/main/resources to target/classes
2025-10-23 10:53:11,441 [Worker-32: Building] INFO  o.a.m.s.f.DefaultMavenResourcesFiltering - skip non existing resourceDirectory /Users/tamilmughilane/College/Projects/Knowledge Base/backend/src/test/resources
2025-10-23 11:10:21,931 [Worker-36: Building] INFO  o.a.m.s.f.DefaultMavenResourcesFiltering - Copying 1 resource from src/main/resources to target/classes
2025-10-23 11:10:21,935 [Worker-36: Building] INFO  o.a.m.s.f.DefaultMavenResourcesFiltering - Copying 0 resource from src/main/resources to target/classes
2025-10-23 11:10:21,936 [Worker-36: Building] INFO  o.a.m.s.f.DefaultMavenResourcesFiltering - skip non existing resourceDirectory /Users/tamilmughilane/College/Projects/Knowledge Base/backend/src/test/resources
2025-10-23 11:27:12,428 [Worker-33: Building] INFO  o.a.m.s.f.DefaultMavenResourcesFiltering - Copying 1 resource from src/main/resources to target/classes
2025-10-23 11:27:12,433 [Worker-33: Building] INFO  o.a.m.s.f.DefaultMavenResourcesFiltering - Copying 0 resource from src/main/resources to target/classes
2025-10-23 11:27:12,434 [Worker-33: Building] INFO  o.a.m.s.f.DefaultMavenResourcesFiltering - skip non existing resourceDirectory /Users/tamilmughilane/College/Projects/Knowledge Base/backend/src/test/resources
2025-10-23 11:27:21,761 [Worker-29: Building] INFO  o.a.m.s.f.DefaultMavenResourcesFiltering - Copying 1 resource from src/main/resources to target/classes
2025-10-23 11:27:21,762 [Worker-29: Building] INFO  o.a.m.s.f.DefaultMavenResourcesFiltering - Copying 0 resource from src/main/resources to target/classes
2025-10-23 11:27:21,762 [Worker-29: Building] INFO  o.a.m.s.f.DefaultMavenResourcesFiltering - skip non existing resourceDirectory /Users/tamilmughilane/College/Projects/Knowledge Base/backend/src/test/resources
2025-10-23 14:52:05,086 [Worker-36: Building] INFO  o.a.m.s.f.DefaultMavenResourcesFiltering - Copying 1 resource from src/main/resources to target/classes
2025-10-23 14:52:05,089 [Worker-36: Building] INFO  o.a.m.s.f.DefaultMavenResourcesFiltering - Copying 0 resource from src/main/resources to target/classes
2025-10-23 14:52:05,090 [Worker-36: Building] INFO  o.a.m.s.f.DefaultMavenResourcesFiltering - skip non existing resourceDirectory /Users/tamilmughilane/College/Projects/Knowledge Base/backend/src/test/resources
2025-10-23 14:56:01,588 [Worker-33: Building] INFO  o.a.m.s.f.DefaultMavenResourcesFiltering - Copying 1 resource from src/main/resources to target/classes
2025-10-23 14:56:01,621 [Worker-33: Building] INFO  o.a.m.s.f.DefaultMavenResourcesFiltering - Copying 0 resource from src/main/resources to target/classes
2025-10-23 14:56:01,623 [Worker-33: Building] INFO  o.a.m.s.f.DefaultMavenResourcesFiltering - skip non existing resourceDirectory /Users/tamilmughilane/College/Projects/Knowledge Base/backend/src/test/resources
2025-10-23 14:56:02,670 [Worker-35: Building] INFO  o.a.m.s.f.DefaultMavenResourcesFiltering - Copying 1 resource from src/main/resources to target/classes
2025-10-23 14:56:02,680 [Worker-35: Building] INFO  o.a.m.s.f.DefaultMavenResourcesFiltering - Copying 0 resource from src/main/resources to target/classes
2025-10-23 14:56:02,681 [Worker-35: Building] INFO  o.a.m.s.f.DefaultMavenResourcesFiltering - skip non existing resourceDirectory /Users/tamilmughilane/College/Projects/Knowledge Base/backend/src/test/resources
2025-10-23 15:21:44,586 [Worker-11: Building] INFO  o.a.m.s.f.DefaultMavenResourcesFiltering - Copying 1 resource from src/main/resources to target/classes
2025-10-23 15:21:44,599 [Worker-11: Building] INFO  o.a.m.s.f.DefaultMavenResourcesFiltering - Copying 0 resource from src/main/resources to target/classes
2025-10-23 15:21:44,601 [Worker-11: Building] INFO  o.a.m.s.f.DefaultMavenResourcesFiltering - skip non existing resourceDirectory /Users/tamilmughilane/College/Projects/Knowledge Base/backend/src/test/resources
2025-10-23 15:22:40,936 [Worker-32: Building] INFO  o.a.m.s.f.DefaultMavenResourcesFiltering - Copying 1 resource from src/main/resources to target/classes
2025-10-23 15:22:40,942 [Worker-32: Building] INFO  o.a.m.s.f.DefaultMavenResourcesFiltering - Copying 0 resource from src/main/resources to target/classes
2025-10-23 15:22:40,943 [Worker-32: Building] INFO  o.a.m.s.f.DefaultMavenResourcesFiltering - skip non existing resourceDirectory /Users/tamilmughilane/College/Projects/Knowledge Base/backend/src/test/resources
2025-10-23 15:22:42,874 [Worker-29: Building] INFO  o.a.m.s.f.DefaultMavenResourcesFiltering - Copying 1 resource from src/main/resources to target/classes
2025-10-23 15:22:42,876 [Worker-29: Building] INFO  o.a.m.s.f.DefaultMavenResourcesFiltering - Copying 0 resource from src/main/resources to target/classes
2025-10-23 15:22:42,877 [Worker-29: Building] INFO  o.a.m.s.f.DefaultMavenResourcesFiltering - skip non existing resourceDirectory /Users/tamilmughilane/College/Projects/Knowledge Base/backend/src/test/resources
2025-10-23 16:59:40,288 [Worker-32: Building] INFO  o.a.m.s.f.DefaultMavenResourcesFiltering - Copying 1 resource from src/main/resources to target/classes
2025-10-23 16:59:40,295 [Worker-32: Building] INFO  o.a.m.s.f.DefaultMavenResourcesFiltering - Copying 0 resource from src/main/resources to target/classes
2025-10-23 16:59:40,297 [Worker-32: Building] INFO  o.a.m.s.f.DefaultMavenResourcesFiltering - skip non existing resourceDirectory /Users/tamilmughilane/College/Projects/Knowledge Base/backend/src/test/resources
2025-10-23 17:04:19,372 [Worker-29: Building] INFO  o.a.m.s.f.DefaultMavenResourcesFiltering - Copying 1 resource from src/main/resources to target/classes
2025-10-23 17:04:19,373 [Worker-29: Building] INFO  o.a.m.s.f.DefaultMavenResourcesFiltering - Copying 0 resource from src/main/resources to target/classes
2025-10-23 17:04:19,376 [Worker-29: Building] INFO  o.a.m.s.f.DefaultMavenResourcesFiltering - skip non existing resourceDirectory /Users/tamilmughilane/College/Projects/Knowledge Base/backend/src/test/resources
2025-10-23 17:06:27,371 [Worker-33: Building] INFO  o.a.m.s.f.DefaultMavenResourcesFiltering - Copying 0 resource from src/main/resources to target/classes
2025-10-23 17:06:27,372 [Worker-33: Building] INFO  o.a.m.s.f.DefaultMavenResourcesFiltering - Copying 0 resource from src/main/resources to target/classes
2025-10-23 17:06:27,372 [Worker-33: Building] INFO  o.a.m.s.f.DefaultMavenResourcesFiltering - skip non existing resourceDirectory /Users/tamilmughilane/College/Projects/Knowledge Base/backend/src/test/resources
2025-10-24 09:33:38,932 [Worker-53: Launching BackendApplication] INFO  o.a.m.s.f.DefaultMavenResourcesFiltering - Copying 1 resource from src/main/resources to target/classes
2025-10-24 09:33:38,936 [Worker-53: Launching BackendApplication] INFO  o.a.m.s.f.DefaultMavenResourcesFiltering - Copying 0 resource from src/main/resources to target/classes
2025-10-24 09:33:38,940 [Worker-53: Launching BackendApplication] INFO  o.a.m.s.f.DefaultMavenResourcesFiltering - skip non existing resourceDirectory /Users/tamilmughilane/College/Projects/Knowledge Base/backend/src/test/resources
2025-10-24 09:52:18,861 [Worker-56: Building] INFO  o.a.m.s.f.DefaultMavenResourcesFiltering - Copying 1 resource from src/main/resources to target/classes
2025-10-24 09:52:18,862 [Worker-56: Building] INFO  o.a.m.s.f.DefaultMavenResourcesFiltering - Copying 0 resource from src/main/resources to target/classes
2025-10-24 09:52:18,863 [Worker-56: Building] INFO  o.a.m.s.f.DefaultMavenResourcesFiltering - skip non existing resourceDirectory /Users/tamilmughilane/College/Projects/Knowledge Base/backend/src/test/resources
2025-11-25 22:59:12,154 [Worker-0: Loading available Gradle versions] INFO  o.e.b.c.i.u.g.PublishedGradleVersions - Gradle version information cache is out-of-date. Trying to update.
